<?xml version="1.0" encoding="UTF-8"?>
<!-- Generated by org.testng.reporters.JUnitXMLReporter -->
<testsuite ignored="0" hostname="DESKTOP-8H80010" failures="0" tests="3" name="Command line test" time="0.038" errors="0" timestamp="2020-11-19T16:43:36 MSK">
  <testcase classname="AirportTest" name="airportHasAtLeastOneTransportMilitaryPlaneTest" time="0.011"/>
  <testcase classname="AirportTest" name="experimentalPlanesHasClassificationLevelHigherThanUnclassifiedTest" time="0.001"/>
  <testcase classname="AirportTest" name="getPassengerPlaneWithMaxCapacityTest" time="0.002"/>
</testsuite> <!-- Command line test -->
