<?xml version="1.0" encoding="UTF-8"?>
<testng-results ignored="0" total="3" passed="3" failed="0" skipped="0">
  <reporter-output>
  </reporter-output>
  <suite started-at="2020-11-19T16:43:36 MSK" name="AirportTest" finished-at="2020-11-19T16:43:36 MSK" duration-ms="38">
    <groups>
    </groups>
    <test started-at="2020-11-19T16:43:36 MSK" name="Command line test" finished-at="2020-11-19T16:43:36 MSK" duration-ms="38">
      <class name="AirportTest">
        <test-method signature="airportHasAtLeastOneTransportMilitaryPlaneTest()[pri:0, instance:AirportTest@71b1176b]" started-at="2020-11-19T16:43:36 MSK" name="airportHasAtLeastOneTransportMilitaryPlaneTest" finished-at="2020-11-19T16:43:36 MSK" duration-ms="11" status="PASS">
          <reporter-output>
          </reporter-output>
        </test-method> <!-- airportHasAtLeastOneTransportMilitaryPlaneTest -->
        <test-method signature="experimentalPlanesHasClassificationLevelHigherThanUnclassifiedTest()[pri:0, instance:AirportTest@71b1176b]" started-at="2020-11-19T16:43:36 MSK" name="experimentalPlanesHasClassificationLevelHigherThanUnclassifiedTest" finished-at="2020-11-19T16:43:36 MSK" duration-ms="1" status="PASS">
          <reporter-output>
          </reporter-output>
        </test-method> <!-- experimentalPlanesHasClassificationLevelHigherThanUnclassifiedTest -->
        <test-method signature="getPassengerPlaneWithMaxCapacityTest()[pri:0, instance:AirportTest@71b1176b]" started-at="2020-11-19T16:43:36 MSK" name="getPassengerPlaneWithMaxCapacityTest" finished-at="2020-11-19T16:43:36 MSK" duration-ms="2" status="PASS">
          <reporter-output>
          </reporter-output>
        </test-method> <!-- getPassengerPlaneWithMaxCapacityTest -->
      </class> <!-- AirportTest -->
    </test> <!-- Command line test -->
  </suite> <!-- AirportTest -->
</testng-results>
